<?xml version="1.0" encoding="UTF-8"?>
<testng-results ignored="0" total="1" passed="1" failed="0" skipped="0">
  <reporter-output>
  </reporter-output>
  <suite started-at="2024-08-24T11:12:47 IST" name="Surefire suite" finished-at="2024-08-24T11:12:47 IST" duration-ms="139">
    <groups>
    </groups>
    <test started-at="2024-08-24T11:12:47 IST" name="Surefire test" finished-at="2024-08-24T11:12:47 IST" duration-ms="139">
      <class name="com.divproject.stepdef.AppTest">
        <test-method signature="shouldAnswerWithTrue()" started-at="2024-08-24T11:12:47 IST" name="shouldAnswerWithTrue" finished-at="2024-08-24T11:12:47 IST" duration-ms="22" status="PASS">
          <reporter-output>
          </reporter-output>
        </test-method> <!-- shouldAnswerWithTrue -->
      </class> <!-- com.divproject.stepdef.AppTest -->
    </test> <!-- Surefire test -->
  </suite> <!-- Surefire suite -->
</testng-results>
