<?xml version="1.0" encoding="UTF-8"?>
<testng-results ignored="0" total="1" passed="1" failed="0" skipped="0">
  <reporter-output>
  </reporter-output>
  <suite started-at="2024-08-24T11:12:46 IST" name="Surefire suite" finished-at="2024-08-24T11:12:47 IST" duration-ms="907">
    <groups>
      <group name="cucumber">
        <method signature="AbstractTestNGCucumberTests.runScenario(io.cucumber.testng.PickleWrapper,io.cucumber.testng.FeatureWrapper)[pri:0, instance:com.divproject.stepdef.TestRunnerTestNG@71c3b41]" name="runScenario" class="io.cucumber.testng.AbstractTestNGCucumberTests"/>
      </group> <!-- cucumber -->
    </groups>
    <test started-at="2024-08-24T11:12:46 IST" name="Surefire test" finished-at="2024-08-24T11:12:47 IST" duration-ms="907">
      <class name="com.divproject.stepdef.TestRunnerTestNG">
        <test-method is-config="true" signature="setUpClass(org.testng.ITestContext)[pri:0, instance:com.divproject.stepdef.TestRunnerTestNG@71c3b41]" started-at="2024-08-24T11:12:46 IST" name="setUpClass" finished-at="2024-08-24T11:12:47 IST" duration-ms="633" status="PASS">
          <params>
            <param index="0">
              <value>
                <![CDATA[org.testng.TestRunner@1f010bf0]]>
              </value>
            </param>
          </params>
          <reporter-output>
          </reporter-output>
        </test-method> <!-- setUpClass -->
        <test-method signature="runScenario(io.cucumber.testng.PickleWrapper,io.cucumber.testng.FeatureWrapper)[pri:0, instance:com.divproject.stepdef.TestRunnerTestNG@71c3b41]" started-at="2024-08-24T11:12:47 IST" name="runScenario" description="Runs Cucumber Scenarios" data-provider="scenarios" finished-at="2024-08-24T11:12:47 IST" duration-ms="153" status="PASS">
          <params>
            <param index="0">
              <value>
                <![CDATA["Sample scenario"]]>
              </value>
            </param>
            <param index="1">
              <value>
                <![CDATA["Sample Feature"]]>
              </value>
            </param>
          </params>
          <reporter-output>
          </reporter-output>
        </test-method> <!-- runScenario -->
        <test-method is-config="true" signature="tearDownClass()[pri:0, instance:com.divproject.stepdef.TestRunnerTestNG@71c3b41]" started-at="2024-08-24T11:12:47 IST" name="tearDownClass" finished-at="2024-08-24T11:12:47 IST" duration-ms="15" status="PASS">
          <reporter-output>
          </reporter-output>
        </test-method> <!-- tearDownClass -->
      </class> <!-- com.divproject.stepdef.TestRunnerTestNG -->
    </test> <!-- Surefire test -->
  </suite> <!-- Surefire suite -->
</testng-results>
