<?xml version="1.0" encoding="UTF-8"?>
<testsuite xmlns:xsi="http://www.w3.org/2001/XMLSchema-instance" xsi:noNamespaceSchemaLocation="https://maven.apache.org/surefire/maven-surefire-plugin/xsd/surefire-test-report.xsd" name="TestSuite" time="2.668" tests="2" errors="0" skipped="0" failures="0">
  <properties>
[...]
</properties>
  <testcase name="runScenario" classname="com.divproject.stepdef.TestRunnerTestNG" time="0.155"/>
  <testcase name="shouldAnswerWithTrue on shouldAnswerWithTrue(com.divproject.stepdef.AppTest)" classname="com.divproject.stepdef.AppTest" time="0.002"/>
</testsuite>