<?xml version="1.0" encoding="UTF-8"?>
<testng-results ignored="0" total="1" passed="1" failed="0" skipped="0">
  <reporter-output>
  </reporter-output>
  <suite started-at="2024-08-24T13:14:51 IST" name="Default suite" finished-at="2024-08-24T13:14:54 IST" duration-ms="3606">
    <groups>
      <group name="cucumber">
        <method signature="AbstractTestNGCucumberTests.runScenario(io.cucumber.testng.PickleWrapper,io.cucumber.testng.FeatureWrapper)[pri:0, instance:com.divproject.stepdef.TestRunnerTestNG@3012646b]" name="runScenario" class="io.cucumber.testng.AbstractTestNGCucumberTests"/>
      </group> <!-- cucumber -->
    </groups>
    <test started-at="2024-08-24T13:14:51 IST" name="Default test" finished-at="2024-08-24T13:14:54 IST" duration-ms="3606">
      <class name="com.divproject.stepdef.TestRunnerTestNG">
        <test-method is-config="true" signature="setUpClass(org.testng.ITestContext)[pri:0, instance:com.divproject.stepdef.TestRunnerTestNG@3012646b]" started-at="2024-08-24T13:14:51 IST" name="setUpClass" finished-at="2024-08-24T13:14:52 IST" duration-ms="1076" status="PASS">
          <params>
            <param index="0">
              <value>
                <![CDATA[org.testng.TestRunner@22680f52]]>
              </value>
            </param>
          </params>
          <reporter-output>
          </reporter-output>
        </test-method> <!-- setUpClass -->
        <test-method signature="runScenario(io.cucumber.testng.PickleWrapper,io.cucumber.testng.FeatureWrapper)[pri:0, instance:com.divproject.stepdef.TestRunnerTestNG@3012646b]" started-at="2024-08-24T13:14:52 IST" name="runScenario" description="Runs Cucumber Scenarios" data-provider="scenarios" finished-at="2024-08-24T13:14:54 IST" duration-ms="2296" status="PASS">
          <params>
            <param index="0">
              <value>
                <![CDATA["Compare Excel files based on primary key and column mappings"]]>
              </value>
            </param>
            <param index="1">
              <value>
                <![CDATA["Compare data between two Excel files"]]>
              </value>
            </param>
          </params>
          <reporter-output>
          </reporter-output>
        </test-method> <!-- runScenario -->
        <test-method is-config="true" signature="tearDownClass()[pri:0, instance:com.divproject.stepdef.TestRunnerTestNG@3012646b]" started-at="2024-08-24T13:14:54 IST" name="tearDownClass" finished-at="2024-08-24T13:14:54 IST" duration-ms="130" status="PASS">
          <reporter-output>
          </reporter-output>
        </test-method> <!-- tearDownClass -->
      </class> <!-- com.divproject.stepdef.TestRunnerTestNG -->
    </test> <!-- Default test -->
  </suite> <!-- Default suite -->
</testng-results>
